\BOOKMARK [1][-]{section.1}{Personnel:}{}% 1
\BOOKMARK [2][-]{subsection.1.1}{Roles}{section.1}% 2
\BOOKMARK [2][-]{subsection.1.2}{Sponsor}{section.1}% 3
\BOOKMARK [1][-]{section.2}{Definition of Project:}{}% 4
\BOOKMARK [2][-]{subsection.2.1}{Background}{section.2}% 5
\BOOKMARK [2][-]{subsection.2.2}{Goal}{section.2}% 6
\BOOKMARK [2][-]{subsection.2.3}{Scope}{section.2}% 7
\BOOKMARK [2][-]{subsection.2.4}{Target audience}{section.2}% 8
\BOOKMARK [2][-]{subsection.2.5}{Skills}{section.2}% 9
\BOOKMARK [1][-]{section.3}{Approach:}{}% 10
\BOOKMARK [2][-]{subsection.3.1}{Plan}{section.3}% 11
\BOOKMARK [3][-]{subsubsection.3.1.1}{Initiation}{subsection.3.1}% 12
\BOOKMARK [3][-]{subsubsection.3.1.2}{Planning}{subsection.3.1}% 13
\BOOKMARK [3][-]{subsubsection.3.1.3}{Execution}{subsection.3.1}% 14
\BOOKMARK [3][-]{subsubsection.3.1.4}{Closure}{subsection.3.1}% 15
\BOOKMARK [2][-]{subsection.3.2}{Resources}{section.3}% 16
\BOOKMARK [3][-]{subsubsection.3.2.1}{Resources Provided by the clients}{subsection.3.2}% 17
\BOOKMARK [3][-]{subsubsection.3.2.2}{Resources Provided by the team}{subsection.3.2}% 18
\BOOKMARK [2][-]{subsection.3.3}{Sub-tasks}{section.3}% 19
\BOOKMARK [2][-]{subsection.3.4}{Time-line}{section.3}% 20
\BOOKMARK [2][-]{subsection.3.5}{Roadblocks}{section.3}% 21
\BOOKMARK [3][-]{subsubsection.3.5.1}{Lack of Free-time}{subsection.3.5}% 22
\BOOKMARK [3][-]{subsubsection.3.5.2}{Lack of Information}{subsection.3.5}% 23
\BOOKMARK [3][-]{subsubsection.3.5.3}{Hardware Available}{subsection.3.5}% 24
\BOOKMARK [1][-]{section.4}{Deliverable:}{}% 25
\BOOKMARK [2][-]{subsection.4.1}{Final Product}{section.4}% 26
\BOOKMARK [2][-]{subsection.4.2}{Product Demo}{section.4}% 27
